#
# A fatal error has been detected by the Java Runtime Environment:
#
#  SIGSEGV (0xb) at pc=0x000000010c56d48a, pid=31813, tid=27139
#
# JRE version: Java(TM) SE Runtime Environment (10.0.2+13) (build 10.0.2+13)
# Java VM: Java HotSpot(TM) 64-Bit Server VM (10.0.2+13, mixed mode, tiered, compressed oops, g1 gc, bsd-amd64)
# Problematic frame:
# C  [libjimage.dylib+0x248a]  _ZNK15ImageFileReader19find_location_indexEPKcPy+0x2c
#
# No core dump will be written. Core dumps have been disabled. To enable core dumping, try "ulimit -c unlimited" before starting Java again
#
# If you would like to submit a bug report, please visit:
#   http://bugreport.java.com/bugreport/crash.jsp
#

---------------  S U M M A R Y ------------

Command Line: -agentlib:jdwp=transport=dt_socket,suspend=y,address=localhost:64981 -Dcom.sun.management.jmxremote -Dcom.sun.management.jmxremote.port=64964 -Dcom.sun.management.jmxremote.authenticate=false -Dcom.sun.management.jmxremote.ssl=false -Djava.rmi.server.hostname=localhost -Dspring.application.admin.enabled=true -Djava.security.egd=file:/dev/./urandom -Xverify:none -XX:TieredStopAtLevel=1 -Dfile.encoding=UTF-8 com.samrak.CV.CvApplication

Host: MacBookPro10,2 x86_64 3000 MHz, 4 cores, 8G, Darwin 19.0.0
Time: Sat Jan 25 15:04:31 2020 EST elapsed time: 105 seconds (0d 0h 1m 45s)

---------------  T H R E A D  ---------------

Current thread (0x00007fa6a6215000):  JavaThread "RMI TCP Accept-64964" daemon [_thread_in_vm, id=27139, stack(0x000070000552b000,0x000070000562b000)]

Stack: [0x000070000552b000,0x000070000562b000],  sp=0x00007000056293d0,  free space=1016k
Native frames: (J=compiled Java code, A=aot compiled Java code, j=interpreted, Vv=VM code, C=native code)
C  [libjimage.dylib+0x248a]  _ZNK15ImageFileReader19find_location_indexEPKcPy+0x2c
C  [libjimage.dylib+0x2831]  JIMAGE_FindResource+0xd7
V  [libjvm.dylib+0x2162b9]  _ZN19ClassPathImageEntry11open_streamEPKcP6Thread+0x45
V  [libjvm.dylib+0x2187ca]  _ZN11ClassLoader10load_classEP6SymbolbP6Thread+0x16a
V  [libjvm.dylib+0x7164c6]  _ZN16SystemDictionary19load_instance_classEP6Symbol6HandleP6Thread+0x36e
V  [libjvm.dylib+0x715445]  _ZN16SystemDictionary30resolve_instance_class_or_nullEP6Symbol6HandleS2_P6Thread+0x4fd
V  [libjvm.dylib+0x714b63]  _ZN16SystemDictionary15resolve_or_failEP6Symbol6HandleS2_bP6Thread+0x1b
V  [libjvm.dylib+0x283f64]  _ZN12ConstantPool13klass_at_implERK18constantPoolHandleibP6Thread+0x10c
V  [libjvm.dylib+0x69bffa]  _ZN12ConstantPool8klass_atEiP6Thread+0x4e
V  [libjvm.dylib+0x3ce5a5]  _ZN18InterpreterRuntime4_newEP10JavaThreadP12ConstantPooli+0x2d
j  sun.rmi.transport.tcp.TCPTransport$AcceptLoop.executeAcceptLoop()V+68 java.rmi@10.0.2
j  sun.rmi.transport.tcp.TCPTransport$AcceptLoop.run()V+1 java.rmi@10.0.2
j  java.lang.Thread.run()V+11 java.base@10.0.2
v  ~StubRoutines::call_stub
V  [libjvm.dylib+0x3d8c0e]  _ZN9JavaCalls11call_helperEP9JavaValueRK12methodHandleP17JavaCallArgumentsP6Thread+0x216
V  [libjvm.dylib+0x3d8222]  _ZN9JavaCalls12call_virtualEP9JavaValueP5KlassP6SymbolS5_P17JavaCallArgumentsP6Thread+0x12a
V  [libjvm.dylib+0x3d82e2]  _ZN9JavaCalls12call_virtualEP9JavaValue6HandleP5KlassP6SymbolS6_P6Thread+0x6a
V  [libjvm.dylib+0x454078]  _ZL12thread_entryP10JavaThreadP6Thread+0x77
V  [libjvm.dylib+0x74679c]  _ZN10JavaThread17thread_main_innerEv+0x86
V  [libjvm.dylib+0x633a5f]  _ZL19thread_native_entryP6Thread+0x12b
C  [libsystem_pthread.dylib+0x5d36]  _pthread_start+0x7d
C  [libsystem_pthread.dylib+0x258f]  thread_start+0xf
C  0x0000000000000000

Java frames: (J=compiled Java code, j=interpreted, Vv=VM code)
j  sun.rmi.transport.tcp.TCPTransport$AcceptLoop.executeAcceptLoop()V+68 java.rmi@10.0.2
j  sun.rmi.transport.tcp.TCPTransport$AcceptLoop.run()V+1 java.rmi@10.0.2
j  java.lang.Thread.run()V+11 java.base@10.0.2
v  ~StubRoutines::call_stub

siginfo: si_signo: 11 (SIGSEGV), si_code: 1 (SEGV_MAPERR), si_addr: 0x0000000000000008

Register to memory mapping:

RAX=0x0000000000000000 is an unknown value
RBX=0x000000010c560008 is an unknown value
RCX=0x616c632e72656c73 is an unknown value
RDX=0x000070000562a500 is pointing into the stack for thread: 0x00007fa6a6215000
RSP=0x00007000056293d0 is pointing into the stack for thread: 0x00007fa6a6215000
RBP=0x0000700005629440 is pointing into the stack for thread: 0x00007fa6a6215000
RSI=0x000000000000c8a3 is an unknown value
RDI=0x000000010c560008 is an unknown value
R8 =0x000070000562a500 is pointing into the stack for thread: 0x00007fa6a6215000
R9 =0x000070000562a410 is pointing into the stack for thread: 0x00007fa6a6215000
R10=0x000000010d75d250: AssumeMP+0 in /Library/Java/JavaVirtualMachines/jdk-10.0.2.jdk/Contents/Home/lib/server/libjvm.dylib at 0x000000010ce00000
R11=0xfffff0595f8f7b22 is an unknown value
R12=0x0000000111b6d01c is an unknown value
R13=0x00007fa6a5d08c30 is an unknown value
R14=0x000070000562a500 is pointing into the stack for thread: 0x00007fa6a6215000
R15=0x0000700005629470 is pointing into the stack for thread: 0x00007fa6a6215000


Registers:
RAX=0x0000000000000000, RBX=0x000000010c560008, RCX=0x616c632e72656c73, RDX=0x000070000562a500
RSP=0x00007000056293d0, RBP=0x0000700005629440, RSI=0x000000000000c8a3, RDI=0x000000010c560008
R8 =0x000070000562a500, R9 =0x000070000562a410, R10=0x000000010d75d250, R11=0xfffff0595f8f7b22
R12=0x0000000111b6d01c, R13=0x00007fa6a5d08c30, R14=0x000070000562a500, R15=0x0000700005629470
RIP=0x000000010c56d48a, EFLAGS=0x0000000000010202, ERR=0x0000000000000004
  TRAPNO=0x000000000000000e

Top of Stack: (sp=0x00007000056293d0)
0x00007000056293d0:   0000000000000000 0000000000000000
0x00007000056293e0:   0000000000000000 0000000000000000
0x00007000056293f0:   0000000000000000 0000000000000000
0x0000700005629400:   0000000000000000 0000000000000000
0x0000700005629410:   0000000000000000 0000000000000000
0x0000700005629420:   00007fa6a5d31950 0000700005629470
0x0000700005629430:   000000000000003a 365aa9eaab9c0039
0x0000700005629440:   000070000562a4a0 000000010c56d831
0x0000700005629450:   0000000000000000 000000000000003c
0x0000700005629460:   00007fa6a5d08c30 000070000562a500
0x0000700005629470:   6d722f6e75732f2f 70736e6172742f69
0x0000700005629480:   2f7063742f74726f 736e617254504354
0x0000700005629490:   6e6f432474726f70 486e6f697463656e
0x00007000056294a0:   632e72656c646e61 000000007373616c
0x00007000056294b0:   0000000000000000 0000000000000000
0x00007000056294c0:   0000000000000000 0000000000000000
0x00007000056294d0:   0000000000000000 0000000000000000
0x00007000056294e0:   0000000000000000 0000000000000000
0x00007000056294f0:   0000000000000000 0000000000000000
0x0000700005629500:   0000000000000000 0000000000000000
0x0000700005629510:   0000000000000000 0000000000000000
0x0000700005629520:   0000000000000000 0000000000000000
0x0000700005629530:   0000000000000000 0000000000000000
0x0000700005629540:   0000000000000000 0000000000000000
0x0000700005629550:   0000000000000000 0000000000000000
0x0000700005629560:   0000000000000000 0000000000000000
0x0000700005629570:   0000000000000000 0000000000000000
0x0000700005629580:   0000000000000000 0000000000000000
0x0000700005629590:   0000000000000000 0000000000000000
0x00007000056295a0:   0000000000000000 0000000000000000
0x00007000056295b0:   0000000000000000 0000000000000000
0x00007000056295c0:   0000000000000000 0000000000000000 

Instructions: (pc=0x000000010c56d48a)
0x000000010c56d46a:   53 48 83 ec 48 49 89 d6 49 89 f7 49 89 fd 49 8b
0x000000010c56d47a:   5d 10 4d 8b 65 50 48 8b 03 41 8b 75 30 48 89 df
0x000000010c56d48a:   ff 50 08 48 89 df 4c 89 fe 4c 89 e2 89 c1 e8 cb
0x000000010c56d49a:   f2 ff ff 45 31 e4 83 f8 ff 74 61 49 8b 7d 10 49 


---------------  P R O C E S S  ---------------

Threads class SMR info:
_java_thread_list=0x00007fa6a5c6b6b0, length=33, elements={
0x00007fa6a7041000, 0x00007fa6a7827800, 0x00007fa6a782f800, 0x00007fa6a7044000,
0x00007fa6a603d800, 0x00007fa6a603e800, 0x00007fa6a603f800, 0x00007fa6a78b6800,
0x00007fa6a607a000, 0x00007fa6a7076800, 0x00007fa6a6851800, 0x00007fa6a607b800,
0x00007fa6a6215000, 0x00007fa6a79b5000, 0x00007fa6a63b2000, 0x00007fa6a7ab6000,
0x00007fa6a63b5000, 0x00007fa6a6b4f000, 0x00007fa6a63cc000, 0x00007fa6a7a2d800,
0x00007fa6a6a95000, 0x00007fa6a795c000, 0x00007fa6a7a3a800, 0x00007fa6a7a2a000,
0x00007fa6a62e5800, 0x00007fa6a698a800, 0x00007fa6a6381000, 0x00007fa6a6a9c800,
0x00007fa6a7b3b000, 0x00007fa6a78a3000, 0x00007fa6a6a9d000, 0x00007fa6a62e1800,
0x00007fa6a637d800
}

Java Threads: ( => current thread )
  0x00007fa6a7041000 JavaThread "Reference Handler" daemon [_thread_blocked, id=18947, stack(0x00007000046fe000,0x00007000047fe000)]
  0x00007fa6a7827800 JavaThread "Finalizer" daemon [_thread_blocked, id=15875, stack(0x0000700004801000,0x0000700004901000)]
  0x00007fa6a782f800 JavaThread "Signal Dispatcher" daemon [_thread_blocked, id=22275, stack(0x0000700004a0a000,0x0000700004b0a000)]
  0x00007fa6a7044000 JavaThread "C1 CompilerThread0" daemon [_thread_blocked, id=42243, stack(0x0000700004b0d000,0x0000700004c0d000)]
  0x00007fa6a603d800 JavaThread "C1 CompilerThread1" daemon [_thread_blocked, id=41731, stack(0x0000700004c10000,0x0000700004d10000)]
  0x00007fa6a603e800 JavaThread "C1 CompilerThread2" daemon [_thread_blocked, id=41475, stack(0x0000700004d13000,0x0000700004e13000)]
  0x00007fa6a603f800 JavaThread "Sweeper thread" daemon [_thread_blocked, id=41219, stack(0x0000700004e16000,0x0000700004f16000)]
  0x00007fa6a78b6800 JavaThread "JDWP Transport Listener: dt_socket" daemon [_thread_in_native, id=40963, stack(0x0000700004f19000,0x0000700005019000)]
  0x00007fa6a607a000 JavaThread "JDWP Event Helper Thread" daemon [_thread_blocked, id=24835, stack(0x000070000501c000,0x000070000511c000)]
  0x00007fa6a7076800 JavaThread "Service Thread" daemon [_thread_blocked, id=26115, stack(0x0000700005222000,0x0000700005322000)]
  0x00007fa6a6851800 JavaThread "Common-Cleaner" daemon [_thread_blocked, id=40195, stack(0x0000700005325000,0x0000700005425000)]
  0x00007fa6a607b800 JavaThread "RMI TCP Accept-0" daemon [_thread_in_native, id=26883, stack(0x0000700005428000,0x0000700005528000)]
=>0x00007fa6a6215000 JavaThread "RMI TCP Accept-64964" daemon [_thread_in_vm, id=27139, stack(0x000070000552b000,0x000070000562b000)]
  0x00007fa6a79b5000 JavaThread "RMI TCP Accept-0" daemon [_thread_in_native, id=38915, stack(0x000070000562e000,0x000070000572e000)]
  0x00007fa6a63b2000 JavaThread "Catalina-utility-1" [_thread_blocked, id=16911, stack(0x0000700005937000,0x0000700005a37000)]
  0x00007fa6a7ab6000 JavaThread "Catalina-utility-2" [_thread_blocked, id=37379, stack(0x0000700005a3a000,0x0000700005b3a000)]
  0x00007fa6a63b5000 JavaThread "container-0" [_thread_blocked, id=36611, stack(0x0000700005b3d000,0x0000700005c3d000)]
  0x00007fa6a6b4f000 JavaThread "mysql-cj-abandoned-connection-cleanup" daemon [_thread_blocked, id=28675, stack(0x0000700005c40000,0x0000700005d40000)]
  0x00007fa6a63cc000 JavaThread "HikariPool-1 housekeeper" daemon [_thread_blocked, id=35331, stack(0x0000700005d43000,0x0000700005e43000)]
  0x00007fa6a7a2d800 JavaThread "http-nio-8080-BlockPoller" daemon [_thread_in_native, id=35079, stack(0x0000700005e46000,0x0000700005f46000)]
  0x00007fa6a6a95000 JavaThread "http-nio-8080-exec-1" daemon [_thread_blocked, id=29699, stack(0x0000700005f49000,0x0000700006049000)]
  0x00007fa6a795c000 JavaThread "http-nio-8080-exec-2" daemon [_thread_blocked, id=34307, stack(0x000070000604c000,0x000070000614c000)]
  0x00007fa6a7a3a800 JavaThread "http-nio-8080-exec-3" daemon [_thread_blocked, id=30211, stack(0x000070000614f000,0x000070000624f000)]
  0x00007fa6a7a2a000 JavaThread "http-nio-8080-exec-4" daemon [_thread_blocked, id=30467, stack(0x0000700006252000,0x0000700006352000)]
  0x00007fa6a62e5800 JavaThread "http-nio-8080-exec-5" daemon [_thread_blocked, id=31235, stack(0x0000700006355000,0x0000700006455000)]
  0x00007fa6a698a800 JavaThread "http-nio-8080-exec-6" daemon [_thread_blocked, id=32003, stack(0x0000700006458000,0x0000700006558000)]
  0x00007fa6a6381000 JavaThread "http-nio-8080-exec-7" daemon [_thread_blocked, id=32771, stack(0x000070000655b000,0x000070000665b000)]
  0x00007fa6a6a9c800 JavaThread "http-nio-8080-exec-8" daemon [_thread_blocked, id=43779, stack(0x000070000665e000,0x000070000675e000)]
  0x00007fa6a7b3b000 JavaThread "http-nio-8080-exec-9" daemon [_thread_blocked, id=44035, stack(0x0000700006761000,0x0000700006861000)]
  0x00007fa6a78a3000 JavaThread "http-nio-8080-exec-10" daemon [_thread_blocked, id=44803, stack(0x0000700006864000,0x0000700006964000)]
  0x00007fa6a6a9d000 JavaThread "http-nio-8080-ClientPoller" daemon [_thread_in_native, id=86019, stack(0x0000700006967000,0x0000700006a67000)]
  0x00007fa6a62e1800 JavaThread "http-nio-8080-Acceptor" daemon [_thread_in_native, id=85507, stack(0x0000700006a6a000,0x0000700006b6a000)]
  0x00007fa6a637d800 JavaThread "DestroyJavaVM" [_thread_blocked, id=5635, stack(0x00007000039d7000,0x0000700003ad7000)]

Other Threads:
  0x00007fa6a6852800 VMThread "VM Thread" [stack: 0x00007000045fb000,0x00007000046fb000] [id=14595]
  0x00007fa6a680e800 WatcherThread [stack: 0x0000700005731000,0x0000700005831000] [id=27651]
  0x00007fa6a7009800 GCTaskThread "GC Thread#0" [stack: 0x0000700003ada000,0x0000700003bda000] [id=11011]
  0x00007fa6a700a000 GCTaskThread "GC Thread#1" [stack: 0x0000700003bdd000,0x0000700003cdd000] [id=21507]
  0x00007fa6a6811000 GCTaskThread "GC Thread#2" [stack: 0x0000700003ce0000,0x0000700003de0000] [id=11779]
  0x00007fa6a6811800 GCTaskThread "GC Thread#3" [stack: 0x0000700003de3000,0x0000700003ee3000] [id=20995]
  0x00007fa6a6826000 ConcurrentGCThread "G1 Main Marker" [stack: 0x0000700003ee6000,0x0000700003fe6000] [id=12291]
  0x00007fa6a6827000 ConcurrentGCThread "G1 Conc#0" [stack: 0x0000700003fe9000,0x00007000040e9000] [id=20227]
  0x00007fa6a7824000 ConcurrentGCThread "G1 Refine#0" [stack: 0x00007000040ec000,0x00007000041ec000] [id=12803]
  0x00007fa6a7825000 ConcurrentGCThread "G1 Refine#1" [stack: 0x00007000041ef000,0x00007000042ef000] [id=13315]
  0x00007fa6a6838800 ConcurrentGCThread "G1 Refine#2" [stack: 0x00007000042f2000,0x00007000043f2000] [id=13827]
  0x00007fa6a6839800 ConcurrentGCThread "G1 Refine#3" [stack: 0x00007000043f5000,0x00007000044f5000] [id=14339]
  0x00007fa6a683a000 ConcurrentGCThread "G1 Young RemSet Sampling" [stack: 0x00007000044f8000,0x00007000045f8000] [id=19459]

Threads with active compile tasks:

VM state:not at safepoint (normal execution)

VM Mutex/Monitor currently owned by a thread: None

Heap address: 0x0000000740000000, size: 2048 MB, Compressed Oops mode: Zero based, Oop shift amount: 3
Narrow klass base: 0x0000000000000000, Narrow klass shift: 3
Compressed class space size: 1073741824 Address: 0x00000007c0000000

Heap:
 garbage-first heap   total 157696K, used 96689K [0x0000000740000000, 0x00000007c0000000)
  region size 1024K, 74 young (75776K), 6 survivors (6144K)
 Metaspace       used 64260K, capacity 65860K, committed 66440K, reserved 1107968K
  class space    used 8031K, capacity 8621K, committed 8624K, reserved 1048576K
Heap Regions: E=young(eden), S=young(survivor), O=old, HS=humongous(starts), HC=humongous(continues), CS=collection set, F=free, A=archive, TS=gc time stamp, AC=allocation context, TAMS=top-at-mark-start (previous, next)
|   0|0x0000000740000000, 0x0000000740100000, 0x0000000740100000|100%|HS|  |TS  0|AC  0|TAMS 0x0000000740100000, 0x0000000740100000|
|   1|0x0000000740100000, 0x0000000740200000, 0x0000000740200000|100%| O|  |TS  0|AC  0|TAMS 0x0000000740200000, 0x0000000740200000|
|   2|0x0000000740200000, 0x0000000740300000, 0x0000000740300000|100%| O|  |TS  0|AC  0|TAMS 0x0000000740300000, 0x0000000740300000|
|   3|0x0000000740300000, 0x0000000740400000, 0x0000000740400000|100%| O|  |TS  0|AC  0|TAMS 0x0000000740400000, 0x0000000740400000|
|   4|0x0000000740400000, 0x0000000740500000, 0x0000000740500000|100%| O|  |TS  0|AC  0|TAMS 0x0000000740500000, 0x0000000740500000|
|   5|0x0000000740500000, 0x0000000740600000, 0x0000000740600000|100%| O|  |TS  0|AC  0|TAMS 0x0000000740600000, 0x0000000740600000|
|   6|0x0000000740600000, 0x0000000740700000, 0x0000000740700000|100%| O|  |TS  0|AC  0|TAMS 0x0000000740700000, 0x0000000740700000|
|   7|0x0000000740700000, 0x0000000740800000, 0x0000000740800000|100%| O|  |TS  0|AC  0|TAMS 0x0000000740800000, 0x0000000740800000|
|   8|0x0000000740800000, 0x0000000740900000, 0x0000000740900000|100%| O|  |TS  0|AC  0|TAMS 0x0000000740900000, 0x0000000740900000|
|   9|0x0000000740900000, 0x0000000740a00000, 0x0000000740a00000|100%| O|  |TS  0|AC  0|TAMS 0x0000000740a00000, 0x0000000740a00000|
|  10|0x0000000740a00000, 0x0000000740b00000, 0x0000000740b00000|100%| O|  |TS  0|AC  0|TAMS 0x0000000740b00000, 0x0000000740b00000|
|  11|0x0000000740b00000, 0x0000000740c00000, 0x0000000740c00000|100%| O|  |TS  0|AC  0|TAMS 0x0000000740c00000, 0x0000000740c00000|
|  12|0x0000000740c00000, 0x0000000740d00000, 0x0000000740d00000|100%| O|  |TS  0|AC  0|TAMS 0x0000000740d00000, 0x0000000740d00000|
|  13|0x0000000740d00000, 0x0000000740e00000, 0x0000000740e00000|100%| O|  |TS  0|AC  0|TAMS 0x0000000740e00000, 0x0000000740e00000|
|  14|0x0000000740e00000, 0x0000000740f00000, 0x0000000740f00000|100%| O|  |TS  0|AC  0|TAMS 0x0000000740f00000, 0x0000000740f00000|
|  15|0x0000000740f00000, 0x0000000741000000, 0x0000000741000000|100%| O|  |TS  0|AC  0|TAMS 0x0000000741000000, 0x0000000741000000|
|  16|0x0000000741000000, 0x0000000741100000, 0x0000000741100000|100%| O|  |TS  0|AC  0|TAMS 0x0000000741100000, 0x0000000741100000|
|  17|0x0000000741100000, 0x0000000741200000, 0x0000000741200000|100%| O|  |TS  0|AC  0|TAMS 0x0000000741200000, 0x0000000741200000|
|  18|0x0000000741200000, 0x0000000741300000, 0x0000000741300000|100%| O|  |TS  0|AC  0|TAMS 0x0000000741300000, 0x0000000741300000|
|  19|0x0000000741300000, 0x0000000741400000, 0x0000000741400000|100%| O|  |TS  0|AC  0|TAMS 0x0000000741400000, 0x0000000741400000|
|  20|0x0000000741400000, 0x0000000741500000, 0x0000000741500000|100%| O|  |TS  0|AC  0|TAMS 0x0000000741500000, 0x0000000741500000|
|  21|0x0000000741500000, 0x000000074156c400, 0x0000000741600000| 42%| O|  |TS  0|AC  0|TAMS 0x000000074156c400, 0x000000074156c400|
|  22|0x0000000741600000, 0x0000000741600000, 0x0000000741700000|  0%| F|  |TS  0|AC  0|TAMS 0x0000000741600000, 0x0000000741600000|
|  23|0x0000000741700000, 0x0000000741700000, 0x0000000741800000|  0%| F|  |TS  0|AC  0|TAMS 0x0000000741700000, 0x0000000741700000|
|  24|0x0000000741800000, 0x0000000741800000, 0x0000000741900000|  0%| F|  |TS  0|AC  0|TAMS 0x0000000741800000, 0x0000000741800000|
|  25|0x0000000741900000, 0x0000000741900000, 0x0000000741a00000|  0%| F|  |TS  0|AC  0|TAMS 0x0000000741900000, 0x0000000741900000|
|  26|0x0000000741a00000, 0x0000000741a00000, 0x0000000741b00000|  0%| F|  |TS  0|AC  0|TAMS 0x0000000741a00000, 0x0000000741a00000|
|  27|0x0000000741b00000, 0x0000000741b00000, 0x0000000741c00000|  0%| F|  |TS  0|AC  0|TAMS 0x0000000741b00000, 0x0000000741b00000|
|  28|0x0000000741c00000, 0x0000000741c00000, 0x0000000741d00000|  0%| F|  |TS  0|AC  0|TAMS 0x0000000741c00000, 0x0000000741c00000|
|  29|0x0000000741d00000, 0x0000000741d00000, 0x0000000741e00000|  0%| F|  |TS  0|AC  0|TAMS 0x0000000741d00000, 0x0000000741d00000|
|  30|0x0000000741e00000, 0x0000000741e00000, 0x0000000741f00000|  0%| F|  |TS  0|AC  0|TAMS 0x0000000741e00000, 0x0000000741e00000|
|  31|0x0000000741f00000, 0x0000000741f00000, 0x0000000742000000|  0%| F|  |TS  0|AC  0|TAMS 0x0000000741f00000, 0x0000000741f00000|
|  32|0x0000000742000000, 0x0000000742000000, 0x0000000742100000|  0%| F|  |TS  0|AC  0|TAMS 0x0000000742000000, 0x0000000742000000|
|  33|0x0000000742100000, 0x0000000742100000, 0x0000000742200000|  0%| F|  |TS  0|AC  0|TAMS 0x0000000742100000, 0x0000000742100000|
|  34|0x0000000742200000, 0x0000000742200000, 0x0000000742300000|  0%| F|  |TS  0|AC  0|TAMS 0x0000000742200000, 0x0000000742200000|
|  35|0x0000000742300000, 0x0000000742300000, 0x0000000742400000|  0%| F|  |TS  0|AC  0|TAMS 0x0000000742300000, 0x0000000742300000|
|  36|0x0000000742400000, 0x0000000742400000, 0x0000000742500000|  0%| F|  |TS  0|AC  0|TAMS 0x0000000742400000, 0x0000000742400000|
|  37|0x0000000742500000, 0x0000000742500000, 0x0000000742600000|  0%| F|  |TS  0|AC  0|TAMS 0x0000000742500000, 0x0000000742500000|
|  38|0x0000000742600000, 0x0000000742600000, 0x0000000742700000|  0%| F|  |TS  0|AC  0|TAMS 0x0000000742600000, 0x0000000742600000|
|  39|0x0000000742700000, 0x0000000742700000, 0x0000000742800000|  0%| F|  |TS  0|AC  0|TAMS 0x0000000742700000, 0x0000000742700000|
|  40|0x0000000742800000, 0x0000000742800000, 0x0000000742900000|  0%| F|  |TS  0|AC  0|TAMS 0x0000000742800000, 0x0000000742800000|
|  41|0x0000000742900000, 0x0000000742900000, 0x0000000742a00000|  0%| F|  |TS  0|AC  0|TAMS 0x0000000742900000, 0x0000000742900000|
|  42|0x0000000742a00000, 0x0000000742a00000, 0x0000000742b00000|  0%| F|  |TS  0|AC  0|TAMS 0x0000000742a00000, 0x0000000742a00000|
|  43|0x0000000742b00000, 0x0000000742b00000, 0x0000000742c00000|  0%| F|  |TS  0|AC  0|TAMS 0x0000000742b00000, 0x0000000742b00000|
|  44|0x0000000742c00000, 0x0000000742c00000, 0x0000000742d00000|  0%| F|  |TS  0|AC  0|TAMS 0x0000000742c00000, 0x0000000742c00000|
|  45|0x0000000742d00000, 0x0000000742d00000, 0x0000000742e00000|  0%| F|  |TS  0|AC  0|TAMS 0x0000000742d00000, 0x0000000742d00000|
|  46|0x0000000742e00000, 0x0000000742e00000, 0x0000000742f00000|  0%| F|  |TS  0|AC  0|TAMS 0x0000000742e00000, 0x0000000742e00000|
|  47|0x0000000742f00000, 0x0000000742f00000, 0x0000000743000000|  0%| F|  |TS  0|AC  0|TAMS 0x0000000742f00000, 0x0000000742f00000|
|  48|0x0000000743000000, 0x0000000743000000, 0x0000000743100000|  0%| F|  |TS  0|AC  0|TAMS 0x0000000743000000, 0x0000000743000000|
|  49|0x0000000743100000, 0x0000000743100000, 0x0000000743200000|  0%| F|  |TS  0|AC  0|TAMS 0x0000000743100000, 0x0000000743100000|
|  50|0x0000000743200000, 0x0000000743200000, 0x0000000743300000|  0%| F|  |TS  0|AC  0|TAMS 0x0000000743200000, 0x0000000743200000|
|  51|0x0000000743300000, 0x0000000743300000, 0x0000000743400000|  0%| F|  |TS  0|AC  0|TAMS 0x0000000743300000, 0x0000000743300000|
|  52|0x0000000743400000, 0x0000000743400000, 0x0000000743500000|  0%| F|  |TS  0|AC  0|TAMS 0x0000000743400000, 0x0000000743400000|
|  53|0x0000000743500000, 0x0000000743500000, 0x0000000743600000|  0%| F|  |TS  0|AC  0|TAMS 0x0000000743500000, 0x0000000743500000|
|  54|0x0000000743600000, 0x0000000743600000, 0x0000000743700000|  0%| F|  |TS  0|AC  0|TAMS 0x0000000743600000, 0x0000000743600000|
|  55|0x0000000743700000, 0x0000000743700000, 0x0000000743800000|  0%| F|  |TS  0|AC  0|TAMS 0x0000000743700000, 0x0000000743700000|
|  56|0x0000000743800000, 0x0000000743800000, 0x0000000743900000|  0%| F|  |TS  0|AC  0|TAMS 0x0000000743800000, 0x0000000743800000|
|  57|0x0000000743900000, 0x0000000743900000, 0x0000000743a00000|  0%| F|  |TS  0|AC  0|TAMS 0x0000000743900000, 0x0000000743900000|
|  58|0x0000000743a00000, 0x0000000743a00000, 0x0000000743b00000|  0%| F|  |TS  0|AC  0|TAMS 0x0000000743a00000, 0x0000000743a00000|
|  59|0x0000000743b00000, 0x0000000743b00000, 0x0000000743c00000|  0%| F|  |TS  0|AC  0|TAMS 0x0000000743b00000, 0x0000000743b00000|
|  60|0x0000000743c00000, 0x0000000743c00000, 0x0000000743d00000|  0%| F|  |TS  0|AC  0|TAMS 0x0000000743c00000, 0x0000000743c00000|
|  61|0x0000000743d00000, 0x0000000743d00000, 0x0000000743e00000|  0%| F|  |TS  0|AC  0|TAMS 0x0000000743d00000, 0x0000000743d00000|
|  62|0x0000000743e00000, 0x0000000743e00000, 0x0000000743f00000|  0%| F|  |TS  0|AC  0|TAMS 0x0000000743e00000, 0x0000000743e00000|
|  63|0x0000000743f00000, 0x0000000743f00000, 0x0000000744000000|  0%| F|  |TS  0|AC  0|TAMS 0x0000000743f00000, 0x0000000743f00000|
|  64|0x0000000744000000, 0x0000000744000000, 0x0000000744100000|  0%| F|  |TS  0|AC  0|TAMS 0x0000000744000000, 0x0000000744000000|
|  65|0x0000000744100000, 0x0000000744100000, 0x0000000744200000|  0%| F|  |TS  0|AC  0|TAMS 0x0000000744100000, 0x0000000744100000|
|  66|0x0000000744200000, 0x0000000744200000, 0x0000000744300000|  0%| F|  |TS  0|AC  0|TAMS 0x0000000744200000, 0x0000000744200000|
|  67|0x0000000744300000, 0x0000000744300000, 0x0000000744400000|  0%| F|  |TS  0|AC  0|TAMS 0x0000000744300000, 0x0000000744300000|
|  68|0x0000000744400000, 0x0000000744400000, 0x0000000744500000|  0%| F|  |TS  0|AC  0|TAMS 0x0000000744400000, 0x0000000744400000|
|  69|0x0000000744500000, 0x0000000744500000, 0x0000000744600000|  0%| F|  |TS  0|AC  0|TAMS 0x0000000744500000, 0x0000000744500000|
|  70|0x0000000744600000, 0x0000000744600000, 0x0000000744700000|  0%| F|  |TS  0|AC  0|TAMS 0x0000000744600000, 0x0000000744600000|
|  71|0x0000000744700000, 0x0000000744700000, 0x0000000744800000|  0%| F|  |TS  0|AC  0|TAMS 0x0000000744700000, 0x0000000744700000|
|  72|0x0000000744800000, 0x0000000744800000, 0x0000000744900000|  0%| F|  |TS  0|AC  0|TAMS 0x0000000744800000, 0x0000000744800000|
|  73|0x0000000744900000, 0x0000000744900000, 0x0000000744a00000|  0%| F|  |TS  0|AC  0|TAMS 0x0000000744900000, 0x0000000744900000|
|  74|0x0000000744a00000, 0x0000000744a00000, 0x0000000744b00000|  0%| F|  |TS  0|AC  0|TAMS 0x0000000744a00000, 0x0000000744a00000|
|  75|0x0000000744b00000, 0x0000000744b00000, 0x0000000744c00000|  0%| F|  |TS  0|AC  0|TAMS 0x0000000744b00000, 0x0000000744b00000|
|  76|0x0000000744c00000, 0x0000000744c00000, 0x0000000744d00000|  0%| F|  |TS  0|AC  0|TAMS 0x0000000744c00000, 0x0000000744c00000|
|  77|0x0000000744d00000, 0x0000000744d00000, 0x0000000744e00000|  0%| F|  |TS  0|AC  0|TAMS 0x0000000744d00000, 0x0000000744d00000|
|  78|0x0000000744e00000, 0x0000000744e00000, 0x0000000744f00000|  0%| F|  |TS  0|AC  0|TAMS 0x0000000744e00000, 0x0000000744e00000|
|  79|0x0000000744f00000, 0x0000000744f00000, 0x0000000745000000|  0%| F|  |TS  0|AC  0|TAMS 0x0000000744f00000, 0x0000000744f00000|
|  80|0x0000000745000000, 0x00000007450d4918, 0x0000000745100000| 83%| E|  |TS  0|AC  0|TAMS 0x0000000745000000, 0x0000000745000000|
|  81|0x0000000745100000, 0x0000000745200000, 0x0000000745200000|100%| E|CS|TS  0|AC  0|TAMS 0x0000000745100000, 0x0000000745100000|
|  82|0x0000000745200000, 0x0000000745300000, 0x0000000745300000|100%| E|CS|TS  0|AC  0|TAMS 0x0000000745200000, 0x0000000745200000|
|  83|0x0000000745300000, 0x0000000745400000, 0x0000000745400000|100%| E|CS|TS  0|AC  0|TAMS 0x0000000745300000, 0x0000000745300000|
|  84|0x0000000745400000, 0x0000000745500000, 0x0000000745500000|100%| E|CS|TS  0|AC  0|TAMS 0x0000000745400000, 0x0000000745400000|
|  85|0x0000000745500000, 0x0000000745600000, 0x0000000745600000|100%| E|CS|TS  0|AC  0|TAMS 0x0000000745500000, 0x0000000745500000|
|  86|0x0000000745600000, 0x0000000745700000, 0x0000000745700000|100%| E|CS|TS  0|AC  0|TAMS 0x0000000745600000, 0x0000000745600000|
|  87|0x0000000745700000, 0x0000000745800000, 0x0000000745800000|100%| E|CS|TS  0|AC  0|TAMS 0x0000000745700000, 0x0000000745700000|
|  88|0x0000000745800000, 0x0000000745900000, 0x0000000745900000|100%| E|CS|TS  0|AC  0|TAMS 0x0000000745800000, 0x0000000745800000|
|  89|0x0000000745900000, 0x0000000745a00000, 0x0000000745a00000|100%| E|CS|TS  0|AC  0|TAMS 0x0000000745900000, 0x0000000745900000|
|  90|0x0000000745a00000, 0x0000000745b00000, 0x0000000745b00000|100%| E|CS|TS  0|AC  0|TAMS 0x0000000745a00000, 0x0000000745a00000|
|  91|0x0000000745b00000, 0x0000000745c00000, 0x0000000745c00000|100%| E|CS|TS  0|AC  0|TAMS 0x0000000745b00000, 0x0000000745b00000|
|  92|0x0000000745c00000, 0x0000000745d00000, 0x0000000745d00000|100%| E|CS|TS  0|AC  0|TAMS 0x0000000745c00000, 0x0000000745c00000|
|  93|0x0000000745d00000, 0x0000000745e00000, 0x0000000745e00000|100%| E|CS|TS  0|AC  0|TAMS 0x0000000745d00000, 0x0000000745d00000|
|  94|0x0000000745e00000, 0x0000000745f00000, 0x0000000745f00000|100%| E|CS|TS  0|AC  0|TAMS 0x0000000745e00000, 0x0000000745e00000|
|  95|0x0000000745f00000, 0x0000000746000000, 0x0000000746000000|100%| E|CS|TS  0|AC  0|TAMS 0x0000000745f00000, 0x0000000745f00000|
|  96|0x0000000746000000, 0x0000000746100000, 0x0000000746100000|100%| E|CS|TS  0|AC  0|TAMS 0x0000000746000000, 0x0000000746000000|
|  97|0x0000000746100000, 0x0000000746200000, 0x0000000746200000|100%| E|CS|TS  0|AC  0|TAMS 0x0000000746100000, 0x0000000746100000|
|  98|0x0000000746200000, 0x0000000746300000, 0x0000000746300000|100%| E|CS|TS  0|AC  0|TAMS 0x0000000746200000, 0x0000000746200000|
|  99|0x0000000746300000, 0x0000000746400000, 0x0000000746400000|100%| E|CS|TS  0|AC  0|TAMS 0x0000000746300000, 0x0000000746300000|
| 100|0x0000000746400000, 0x0000000746500000, 0x0000000746500000|100%| E|CS|TS  0|AC  0|TAMS 0x0000000746400000, 0x0000000746400000|
| 101|0x0000000746500000, 0x0000000746600000, 0x0000000746600000|100%| E|CS|TS  0|AC  0|TAMS 0x0000000746500000, 0x0000000746500000|
| 102|0x0000000746600000, 0x0000000746700000, 0x0000000746700000|100%| E|CS|TS  0|AC  0|TAMS 0x0000000746600000, 0x0000000746600000|
| 103|0x0000000746700000, 0x0000000746800000, 0x0000000746800000|100%| E|CS|TS  0|AC  0|TAMS 0x0000000746700000, 0x0000000746700000|
| 104|0x0000000746800000, 0x0000000746900000, 0x0000000746900000|100%| E|CS|TS  0|AC  0|TAMS 0x0000000746800000, 0x0000000746800000|
| 105|0x0000000746900000, 0x0000000746a00000, 0x0000000746a00000|100%| E|CS|TS  0|AC  0|TAMS 0x0000000746900000, 0x0000000746900000|
| 106|0x0000000746a00000, 0x0000000746b00000, 0x0000000746b00000|100%| E|CS|TS  0|AC  0|TAMS 0x0000000746a00000, 0x0000000746a00000|
| 107|0x0000000746b00000, 0x0000000746c00000, 0x0000000746c00000|100%| E|CS|TS  0|AC  0|TAMS 0x0000000746b00000, 0x0000000746b00000|
| 108|0x0000000746c00000, 0x0000000746d00000, 0x0000000746d00000|100%| E|CS|TS  0|AC  0|TAMS 0x0000000746c00000, 0x0000000746c00000|
| 109|0x0000000746d00000, 0x0000000746e00000, 0x0000000746e00000|100%| E|CS|TS  0|AC  0|TAMS 0x0000000746d00000, 0x0000000746d00000|
| 110|0x0000000746e00000, 0x0000000746f00000, 0x0000000746f00000|100%| E|CS|TS  0|AC  0|TAMS 0x0000000746e00000, 0x0000000746e00000|
| 111|0x0000000746f00000, 0x0000000747000000, 0x0000000747000000|100%| E|CS|TS  0|AC  0|TAMS 0x0000000746f00000, 0x0000000746f00000|
| 112|0x0000000747000000, 0x0000000747100000, 0x0000000747100000|100%| E|CS|TS  0|AC  0|TAMS 0x0000000747000000, 0x0000000747000000|
| 113|0x0000000747100000, 0x0000000747200000, 0x0000000747200000|100%| E|CS|TS  0|AC  0|TAMS 0x0000000747100000, 0x0000000747100000|
| 114|0x0000000747200000, 0x0000000747300000, 0x0000000747300000|100%| E|CS|TS  0|AC  0|TAMS 0x0000000747200000, 0x0000000747200000|
| 115|0x0000000747300000, 0x0000000747400000, 0x0000000747400000|100%| E|CS|TS  0|AC  0|TAMS 0x0000000747300000, 0x0000000747300000|
| 116|0x0000000747400000, 0x0000000747500000, 0x0000000747500000|100%| E|CS|TS  0|AC  0|TAMS 0x0000000747400000, 0x0000000747400000|
| 117|0x0000000747500000, 0x0000000747600000, 0x0000000747600000|100%| E|CS|TS  0|AC  0|TAMS 0x0000000747500000, 0x0000000747500000|
| 118|0x0000000747600000, 0x0000000747700000, 0x0000000747700000|100%| E|CS|TS  0|AC  0|TAMS 0x0000000747600000, 0x0000000747600000|
| 119|0x0000000747700000, 0x0000000747800000, 0x0000000747800000|100%| E|CS|TS  0|AC  0|TAMS 0x0000000747700000, 0x0000000747700000|
| 120|0x0000000747800000, 0x0000000747900000, 0x0000000747900000|100%| E|CS|TS  0|AC  0|TAMS 0x0000000747800000, 0x0000000747800000|
| 121|0x0000000747900000, 0x0000000747a00000, 0x0000000747a00000|100%| E|CS|TS  0|AC  0|TAMS 0x0000000747900000, 0x0000000747900000|
| 122|0x0000000747a00000, 0x0000000747b00000, 0x0000000747b00000|100%| E|CS|TS  0|AC  0|TAMS 0x0000000747a00000, 0x0000000747a00000|
| 123|0x0000000747b00000, 0x0000000747c00000, 0x0000000747c00000|100%| E|CS|TS  0|AC  0|TAMS 0x0000000747b00000, 0x0000000747b00000|
| 124|0x0000000747c00000, 0x0000000747d00000, 0x0000000747d00000|100%| S|CS|TS  0|AC  0|TAMS 0x0000000747c00000, 0x0000000747c00000|
| 125|0x0000000747d00000, 0x0000000747e00000, 0x0000000747e00000|100%| S|CS|TS  0|AC  0|TAMS 0x0000000747d00000, 0x0000000747d00000|
| 126|0x0000000747e00000, 0x0000000747f00000, 0x0000000747f00000|100%| S|CS|TS  0|AC  0|TAMS 0x0000000747e00000, 0x0000000747e00000|
| 127|0x0000000747f00000, 0x0000000748000000, 0x0000000748000000|100%| S|CS|TS  0|AC  0|TAMS 0x0000000747f00000, 0x0000000747f00000|
| 128|0x0000000748000000, 0x0000000748100000, 0x0000000748100000|100%| S|CS|TS  0|AC  0|TAMS 0x0000000748000000, 0x0000000748000000|
| 129|0x0000000748100000, 0x0000000748200000, 0x0000000748200000|100%| S|CS|TS  0|AC  0|TAMS 0x0000000748100000, 0x0000000748100000|
| 130|0x0000000748200000, 0x0000000748300000, 0x0000000748300000|100%| E|CS|TS  0|AC  0|TAMS 0x0000000748200000, 0x0000000748200000|
| 131|0x0000000748300000, 0x0000000748400000, 0x0000000748400000|100%| E|CS|TS  0|AC  0|TAMS 0x0000000748300000, 0x0000000748300000|
| 132|0x0000000748400000, 0x0000000748500000, 0x0000000748500000|100%| E|CS|TS  0|AC  0|TAMS 0x0000000748400000, 0x0000000748400000|
| 133|0x0000000748500000, 0x0000000748600000, 0x0000000748600000|100%| E|CS|TS  0|AC  0|TAMS 0x0000000748500000, 0x0000000748500000|
| 134|0x0000000748600000, 0x0000000748700000, 0x0000000748700000|100%| E|CS|TS  0|AC  0|TAMS 0x0000000748600000, 0x0000000748600000|
| 135|0x0000000748700000, 0x0000000748800000, 0x0000000748800000|100%| E|CS|TS  0|AC  0|TAMS 0x0000000748700000, 0x0000000748700000|
| 136|0x0000000748800000, 0x0000000748900000, 0x0000000748900000|100%| E|CS|TS  0|AC  0|TAMS 0x0000000748800000, 0x0000000748800000|
| 137|0x0000000748900000, 0x0000000748a00000, 0x0000000748a00000|100%| E|CS|TS  0|AC  0|TAMS 0x0000000748900000, 0x0000000748900000|
| 138|0x0000000748a00000, 0x0000000748b00000, 0x0000000748b00000|100%| E|CS|TS  0|AC  0|TAMS 0x0000000748a00000, 0x0000000748a00000|
| 139|0x0000000748b00000, 0x0000000748c00000, 0x0000000748c00000|100%| E|CS|TS  0|AC  0|TAMS 0x0000000748b00000, 0x0000000748b00000|
| 140|0x0000000748c00000, 0x0000000748d00000, 0x0000000748d00000|100%| E|CS|TS  0|AC  0|TAMS 0x0000000748c00000, 0x0000000748c00000|
| 141|0x0000000748d00000, 0x0000000748e00000, 0x0000000748e00000|100%| E|CS|TS  0|AC  0|TAMS 0x0000000748d00000, 0x0000000748d00000|
| 142|0x0000000748e00000, 0x0000000748f00000, 0x0000000748f00000|100%| E|CS|TS  0|AC  0|TAMS 0x0000000748e00000, 0x0000000748e00000|
| 143|0x0000000748f00000, 0x0000000749000000, 0x0000000749000000|100%| E|CS|TS  0|AC  0|TAMS 0x0000000748f00000, 0x0000000748f00000|
| 144|0x0000000749000000, 0x0000000749100000, 0x0000000749100000|100%| E|CS|TS  0|AC  0|TAMS 0x0000000749000000, 0x0000000749000000|
| 145|0x0000000749100000, 0x0000000749200000, 0x0000000749200000|100%| E|CS|TS  0|AC  0|TAMS 0x0000000749100000, 0x0000000749100000|
| 146|0x0000000749200000, 0x0000000749300000, 0x0000000749300000|100%| E|CS|TS  0|AC  0|TAMS 0x0000000749200000, 0x0000000749200000|
| 147|0x0000000749300000, 0x0000000749400000, 0x0000000749400000|100%| E|CS|TS  0|AC  0|TAMS 0x0000000749300000, 0x0000000749300000|
| 148|0x0000000749400000, 0x0000000749500000, 0x0000000749500000|100%| E|CS|TS  0|AC  0|TAMS 0x0000000749400000, 0x0000000749400000|
| 149|0x0000000749500000, 0x0000000749600000, 0x0000000749600000|100%| E|CS|TS  0|AC  0|TAMS 0x0000000749500000, 0x0000000749500000|
| 150|0x0000000749600000, 0x0000000749700000, 0x0000000749700000|100%| E|CS|TS  0|AC  0|TAMS 0x0000000749600000, 0x0000000749600000|
| 151|0x0000000749700000, 0x0000000749800000, 0x0000000749800000|100%| E|CS|TS  0|AC  0|TAMS 0x0000000749700000, 0x0000000749700000|
| 152|0x0000000749800000, 0x0000000749900000, 0x0000000749900000|100%| E|CS|TS  0|AC  0|TAMS 0x0000000749800000, 0x0000000749800000|
| 153|0x0000000749900000, 0x0000000749a00000, 0x0000000749a00000|100%| E|CS|TS  0|AC  0|TAMS 0x0000000749900000, 0x0000000749900000|

Card table byte_map: [0x000000010e573000,0x000000010e973000] byte_map_base: 0x000000010ab73000

Marking Bits (Prev, Next): (CMBitMap*) 0x00007fa6a680bc98, (CMBitMap*) 0x00007fa6a680bc60
 Prev Bits: [0x000000012be67000, 0x000000012de67000)
 Next Bits: [0x000000010ed73000, 0x0000000110d73000)

Polling page: 0x000000010c4dc000

CodeHeap 'non-profiled nmethods': size=238948Kb used=10690Kb max_used=10690Kb free=228257Kb
 bounds [0x000000011d50e000, 0x000000011df8e000, 0x000000012be67000]
CodeHeap 'non-nmethods': size=6812Kb used=2413Kb max_used=2413Kb free=4398Kb
 bounds [0x000000011ce67000, 0x000000011d0d7000, 0x000000011d50e000]
 total_blobs=6624 nmethods=5957 adapters=546
 compilation: enabled

Compilation events (10 events):
Event: 103.255 Thread 0x00007fa6a7044000 5994       1       java.util.concurrent.locks.AbstractQueuedSynchronizer$ConditionObject::addConditionWaiter (79 bytes)
Event: 103.255 Thread 0x00007fa6a603d800 5995       1       java.util.concurrent.locks.AbstractQueuedSynchronizer$Node::<init> (23 bytes)
Event: 103.256 Thread 0x00007fa6a603e800 5996       1       java.lang.invoke.VarHandleInts$FieldInstanceReadWrite::set (23 bytes)
Event: 103.256 Thread 0x00007fa6a603e800 nmethod 5996 0x000000011df7cd10 code [0x000000011df7cf00, 0x000000011df7d208]
Event: 103.256 Thread 0x00007fa6a603e800 5997   !   1       java.util.concurrent.locks.AbstractQueuedSynchronizer::fullyRelease (31 bytes)
Event: 103.257 Thread 0x00007fa6a603d800 nmethod 5995 0x000000011df7d410 code [0x000000011df7d640, 0x000000011df7db78]
Event: 103.257 Thread 0x00007fa6a603e800 nmethod 5997 0x000000011df7df10 code [0x000000011df7e100, 0x000000011df7e408]
Event: 103.257 Thread 0x00007fa6a7044000 nmethod 5994 0x000000011df7e690 code [0x000000011df7e8c0, 0x000000011df7eec8]
Event: 104.369 Thread 0x00007fa6a603d800 5998       1       org.apache.catalina.util.LifecycleBase::getState (5 bytes)
Event: 104.369 Thread 0x00007fa6a603d800 nmethod 5998 0x000000011df7f210 code [0x000000011df7f3c0, 0x000000011df7f4d0]

GC Heap History (10 events):
Event: 10.832 GC heap before
{Heap before GC invocations=7 (full 0):
 garbage-first heap   total 157696K, used 70955K [0x0000000740000000, 0x00000007c0000000)
  region size 1024K, 63 young (64512K), 5 survivors (5120K)
 Metaspace       used 27856K, capacity 28668K, committed 28976K, reserved 1075200K
  class space    used 3237K, capacity 3556K, committed 3632K, reserved 1048576K
}
Event: 10.843 GC heap after
{Heap after GC invocations=8 (full 0):
 garbage-first heap   total 157696K, used 13067K [0x0000000740000000, 0x00000007c0000000)
  region size 1024K, 6 young (6144K), 6 survivors (6144K)
 Metaspace       used 27856K, capacity 28668K, committed 28976K, reserved 1075200K
  class space    used 3237K, capacity 3556K, committed 3632K, reserved 1048576K
}
Event: 13.662 GC heap before
{Heap before GC invocations=8 (full 0):
 garbage-first heap   total 157696K, used 79627K [0x0000000740000000, 0x00000007c0000000)
  region size 1024K, 72 young (73728K), 6 survivors (6144K)
 Metaspace       used 34685K, capacity 35696K, committed 35920K, reserved 1081344K
  class space    used 4137K, capacity 4562K, committed 4656K, reserved 1048576K
}
Event: 13.691 GC heap after
{Heap after GC invocations=9 (full 0):
 garbage-first heap   total 157696K, used 17158K [0x0000000740000000, 0x00000007c0000000)
  region size 1024K, 9 young (9216K), 9 survivors (9216K)
 Metaspace       used 34685K, capacity 35696K, committed 35920K, reserved 1081344K
  class space    used 4137K, capacity 4562K, committed 4656K, reserved 1048576K
}
Event: 15.715 GC heap before
{Heap before GC invocations=10 (full 0):
 garbage-first heap   total 157696K, used 94982K [0x0000000740000000, 0x00000007c0000000)
  region size 1024K, 85 young (87040K), 9 survivors (9216K)
 Metaspace       used 41979K, capacity 43151K, committed 43568K, reserved 1087488K
  class space    used 4892K, capacity 5346K, committed 5424K, reserved 1048576K
}
Event: 15.765 GC heap after
{Heap after GC invocations=11 (full 0):
 garbage-first heap   total 157696K, used 22098K [0x0000000740000000, 0x00000007c0000000)
  region size 1024K, 10 young (10240K), 10 survivors (10240K)
 Metaspace       used 41979K, capacity 43151K, committed 43568K, reserved 1087488K
  class space    used 4892K, capacity 5346K, committed 5424K, reserved 1048576K
}
Event: 21.014 GC heap before
{Heap before GC invocations=11 (full 0):
 garbage-first heap   total 157696K, used 105042K [0x0000000740000000, 0x00000007c0000000)
  region size 1024K, 91 young (93184K), 10 survivors (10240K)
 Metaspace       used 56664K, capacity 58057K, committed 58544K, reserved 1099776K
  class space    used 7019K, capacity 7547K, committed 7600K, reserved 1048576K
}
Event: 21.038 GC heap after
{Heap after GC invocations=12 (full 0):
 garbage-first heap   total 157696K, used 26092K [0x0000000740000000, 0x00000007c0000000)
  region size 1024K, 9 young (9216K), 9 survivors (9216K)
 Metaspace       used 56664K, capacity 58057K, committed 58544K, reserved 1099776K
  class space    used 7019K, capacity 7547K, committed 7600K, reserved 1048576K
}
Event: 22.474 GC heap before
{Heap before GC invocations=12 (full 0):
 garbage-first heap   total 157696K, used 49644K [0x0000000740000000, 0x00000007c0000000)
  region size 1024K, 33 young (33792K), 9 survivors (9216K)
 Metaspace       used 58572K, capacity 59989K, committed 60296K, reserved 1101824K
  class space    used 7268K, capacity 7801K, committed 7856K, reserved 1048576K
}
Event: 22.499 GC heap after
{Heap after GC invocations=13 (full 0):
 garbage-first heap   total 157696K, used 28081K [0x0000000740000000, 0x00000007c0000000)
  region size 1024K, 6 young (6144K), 6 survivors (6144K)
 Metaspace       used 58572K, capacity 59989K, committed 60296K, reserved 1101824K
  class space    used 7268K, capacity 7801K, committed 7856K, reserved 1048576K
}

Deoptimization events (0 events):
No events

Classes redefined (0 events):
No events

Internal exceptions (10 events):
Event: 22.416 Thread 0x00007fa6a7803000 Exception <a 'java/lang/ClassNotFoundException'{0x00000007484f0980}: org/springframework/context/annotation/ImportAwareCustomizer> (0x00000007484f0980) thrown at [/scratch/mesos/slaves/9190d864-6621-4810-ba08-d8d8c75ba674-S34/frameworks/1735e8a2-a1db-478c
Event: 22.417 Thread 0x00007fa6a7803000 Exception <a 'java/lang/ClassNotFoundException'{0x00000007484fb738}: org/springframework/beans/factory/AwareCustomizer> (0x00000007484fb738) thrown at [/scratch/mesos/slaves/9190d864-6621-4810-ba08-d8d8c75ba674-S34/frameworks/1735e8a2-a1db-478c-8104-60c8b
Event: 22.417 Thread 0x00007fa6a7803000 Exception <a 'java/lang/ClassNotFoundException'{0x00000007483073e8}: org/springframework/beans/factory/BeanClassLoaderAwareCustomizer> (0x00000007483073e8) thrown at [/scratch/mesos/slaves/9190d864-6621-4810-ba08-d8d8c75ba674-S34/frameworks/1735e8a2-a1db-
Event: 22.418 Thread 0x00007fa6a7803000 Exception <a 'java/lang/ClassNotFoundException'{0x00000007483121b0}: org/springframework/beans/factory/AwareCustomizer> (0x00000007483121b0) thrown at [/scratch/mesos/slaves/9190d864-6621-4810-ba08-d8d8c75ba674-S34/frameworks/1735e8a2-a1db-478c-8104-60c8b
Event: 22.977 Thread 0x00007fa6a7803000 Exception <a 'java/lang/NoSuchMethodError'{0x0000000748faa9c8}: java.lang.invoke.DirectMethodHandle$Holder.invokeInterface(Ljava/lang/Object;Ljava/lang/Object;Ljava/lang/Object;Ljava/lang/Object;)Ljava/lang/Object;> (0x0000000748faa9c8) thrown at [/scratc
Event: 23.291 Thread 0x00007fa6a7803000 Exception <a 'java/lang/NoSuchMethodError'{0x0000000747a220f8}: java.lang.invoke.DirectMethodHandle$Holder.invokeVirtual(Ljava/lang/Object;Ljava/lang/Object;I)V> (0x0000000747a220f8) thrown at [/scratch/mesos/slaves/9190d864-6621-4810-ba08-d8d8c75ba674-S3
Event: 24.086 Thread 0x00007fa6a7803000 Exception <a 'java/lang/NoSuchMethodError'{0x00000007463e91a0}: method resolution failed> (0x00000007463e91a0) thrown at [/scratch/mesos/slaves/9190d864-6621-4810-ba08-d8d8c75ba674-S34/frameworks/1735e8a2-a1db-478c-8104-60c8b0af87dd-0196/executors/f87b489
Event: 24.087 Thread 0x00007fa6a7803000 Exception <a 'java/lang/NoSuchMethodError'{0x00000007463f0fd0}: method resolution failed> (0x00000007463f0fd0) thrown at [/scratch/mesos/slaves/9190d864-6621-4810-ba08-d8d8c75ba674-S34/frameworks/1735e8a2-a1db-478c-8104-60c8b0af87dd-0196/executors/f87b489
Event: 24.088 Thread 0x00007fa6a7803000 Exception <a 'java/lang/NoSuchMethodError'{0x00000007463f4d18}: method resolution failed> (0x00000007463f4d18) thrown at [/scratch/mesos/slaves/9190d864-6621-4810-ba08-d8d8c75ba674-S34/frameworks/1735e8a2-a1db-478c-8104-60c8b0af87dd-0196/executors/f87b489
Event: 24.255 Thread 0x00007fa6a7803000 Exception <a 'java/lang/NoSuchMethodError'{0x00000007462e4400}: java.lang.invoke.DirectMethodHandle$Holder.invokeSpecial(Ljava/lang/Object;Ljava/lang/Object;)V> (0x00000007462e4400) thrown at [/scratch/mesos/slaves/9190d864-6621-4810-ba08-d8d8c75ba674-S34

Events (10 events):
Event: 50.174 loading class org/springframework/web/context/request/WebRequest done
Event: 50.174 loading class org/springframework/web/method/annotation/SessionAttributesHandler
Event: 50.174 loading class org/springframework/web/method/annotation/SessionAttributesHandler done
Event: 50.176 loading class org/springframework/web/context/support/ServletRequestHandledEvent
Event: 50.176 loading class org/springframework/web/context/support/ServletRequestHandledEvent done
Event: 50.230 loading class org/springframework/web/context/support/RequestHandledEvent
Event: 50.230 loading class org/springframework/web/context/support/RequestHandledEvent done
Event: 105.378 Thread 0x00007fa6a782a800 Thread exited: 0x00007fa6a782a800
Event: 105.380 Thread 0x00007fa6a6234000 Thread exited: 0x00007fa6a6234000
Event: 105.399 loading class sun/rmi/transport/tcp/TCPTransport$ConnectionHandler


Dynamic libraries:
0x00007fff3999b000 	/System/Library/Frameworks/Cocoa.framework/Versions/A/Cocoa
0x00007fff46f84000 	/System/Library/Frameworks/Security.framework/Versions/A/Security
0x00007fff3893b000 	/System/Library/Frameworks/ApplicationServices.framework/Versions/A/ApplicationServices
0x00007fff7123d000 	/usr/lib/libz.1.dylib
0x00007fff6ec98000 	/usr/lib/libSystem.B.dylib
0x00007fff3a913000 	/System/Library/Frameworks/CoreFoundation.framework/Versions/A/CoreFoundation
0x00007fff3cffb000 	/System/Library/Frameworks/Foundation.framework/Versions/C/Foundation
0x00007fff70b70000 	/usr/lib/libobjc.A.dylib
0x00007fff37b33000 	/System/Library/Frameworks/AppKit.framework/Versions/C/AppKit
0x00007fff3a418000 	/System/Library/Frameworks/CoreData.framework/Versions/A/CoreData
0x00007fff6b543000 	/System/Library/PrivateFrameworks/UIFoundation.framework/Versions/A/UIFoundation
0x00007fff65d74000 	/System/Library/PrivateFrameworks/RemoteViewServices.framework/Versions/A/RemoteViewServices
0x00007fff6dfc6000 	/System/Library/PrivateFrameworks/XCTTargetBootstrap.framework/Versions/A/XCTTargetBootstrap
0x00007fff3a806000 	/System/Library/Frameworks/CoreDisplay.framework/Versions/A/CoreDisplay
0x00007fff3fd6f000 	/System/Library/Frameworks/Metal.framework/Versions/A/Metal
0x00007fff54280000 	/System/Library/PrivateFrameworks/DesktopServicesPriv.framework/Versions/A/DesktopServicesPriv
0x00007fff6fe5b000 	/usr/lib/liblangid.dylib
0x00007fff533d7000 	/System/Library/PrivateFrameworks/CoreSVG.framework/Versions/A/CoreSVG
0x00007fff68af4000 	/System/Library/PrivateFrameworks/SkyLight.framework/Versions/A/SkyLight
0x00007fff3ad94000 	/System/Library/Frameworks/CoreGraphics.framework/Versions/A/CoreGraphics
0x00007fff365c9000 	/System/Library/Frameworks/Accelerate.framework/Versions/A/Accelerate
0x00007fff7112e000 	/usr/lib/libxml2.2.dylib
0x00007fff5ef83000 	/System/Library/PrivateFrameworks/IconServices.framework/Versions/A/IconServices
0x00007fff3d7dd000 	/System/Library/Frameworks/IOSurface.framework/Versions/A/IOSurface
0x00007fff6e7d0000 	/usr/lib/libDiagnosticMessagesClient.dylib
0x00007fff540f9000 	/System/Library/PrivateFrameworks/DFRFoundation.framework/Versions/A/DFRFoundation
0x00007fff6fbe9000 	/usr/lib/libicucore.A.dylib
0x00007fff38c6d000 	/System/Library/Frameworks/AudioToolbox.framework/Versions/A/AudioToolbox
0x00007fff38d4f000 	/System/Library/Frameworks/AudioUnit.framework/Versions/A/AudioUnit
0x00007fff6ef31000 	/usr/lib/libauto.dylib
0x00007fff5417a000 	/System/Library/PrivateFrameworks/DataDetectorsCore.framework/Versions/A/DataDetectorsCore
0x00007fff394bb000 	/System/Library/Frameworks/Carbon.framework/Versions/A/Frameworks/HIToolbox.framework/Versions/A/HIToolbox
0x00007fff461b9000 	/System/Library/Frameworks/QuartzCore.framework/Versions/A/QuartzCore
0x00007fff397fa000 	/System/Library/Frameworks/Carbon.framework/Versions/A/Frameworks/SpeechRecognition.framework/Versions/A/SpeechRecognition
0x00007fff53a7d000 	/System/Library/PrivateFrameworks/CoreUI.framework/Versions/A/CoreUI
0x00007fff39e7e000 	/System/Library/Frameworks/CoreAudio.framework/Versions/A/CoreAudio
0x00007fff3ccc3000 	/System/Library/Frameworks/DiskArbitration.framework/Versions/A/DiskArbitration
0x00007fff60f8c000 	/System/Library/PrivateFrameworks/MultitouchSupport.framework/Versions/A/MultitouchSupport
0x00007fff6faaf000 	/usr/lib/libenergytrace.dylib
0x00007fff3d738000 	/System/Library/Frameworks/IOKit.framework/Versions/A/IOKit
0x00007fff3bd25000 	/System/Library/Frameworks/CoreServices.framework/Versions/A/CoreServices
0x00007fff63002000 	/System/Library/PrivateFrameworks/PerformanceAnalysis.framework/Versions/A/PerformanceAnalysis
0x00007fff451f0000 	/System/Library/Frameworks/OpenGL.framework/Versions/A/OpenGL
0x00007fff399a9000 	/System/Library/Frameworks/ColorSync.framework/Versions/A/ColorSync
0x00007fff3b43f000 	/System/Library/Frameworks/CoreImage.framework/Versions/A/CoreImage
0x00007fff3c79a000 	/System/Library/Frameworks/CoreText.framework/Versions/A/CoreText
0x00007fff3d864000 	/System/Library/Frameworks/ImageIO.framework/Versions/A/ImageIO
0x00007fff6f00d000 	/usr/lib/libc++.1.dylib
0x00007fff6f089000 	/usr/lib/libcompression.dylib
0x00007fff6eb12000 	/usr/lib/libMobileGestalt.dylib
0x00007fff6a625000 	/System/Library/PrivateFrameworks/TextureIO.framework/Versions/A/TextureIO
0x00007fff6ee00000 	/usr/lib/libate.dylib
0x00007fff5f18b000 	/System/Library/PrivateFrameworks/InternationalSupport.framework/Versions/A/InternationalSupport
0x00007fff71cb5000 	/usr/lib/system/libcache.dylib
0x00007fff71cbb000 	/usr/lib/system/libcommonCrypto.dylib
0x00007fff71cc7000 	/usr/lib/system/libcompiler_rt.dylib
0x00007fff71ccf000 	/usr/lib/system/libcopyfile.dylib
0x00007fff71cd9000 	/usr/lib/system/libcorecrypto.dylib
0x00007fff71e87000 	/usr/lib/system/libdispatch.dylib
0x00007fff71ec9000 	/usr/lib/system/libdyld.dylib
0x00007fff71eff000 	/usr/lib/system/libkeymgr.dylib
0x00007fff71f0d000 	/usr/lib/system/liblaunch.dylib
0x00007fff71f0e000 	/usr/lib/system/libmacho.dylib
0x00007fff71f14000 	/usr/lib/system/libquarantine.dylib
0x00007fff71f17000 	/usr/lib/system/libremovefile.dylib
0x00007fff71f19000 	/usr/lib/system/libsystem_asl.dylib
0x00007fff71f31000 	/usr/lib/system/libsystem_blocks.dylib
0x00007fff71f32000 	/usr/lib/system/libsystem_c.dylib
0x00007fff71fba000 	/usr/lib/system/libsystem_configuration.dylib
0x00007fff71fbe000 	/usr/lib/system/libsystem_coreservices.dylib
0x00007fff71fc2000 	/usr/lib/system/libsystem_darwin.dylib
0x00007fff71fca000 	/usr/lib/system/libsystem_dnssd.dylib
0x00007fff71fd2000 	/usr/lib/system/libsystem_featureflags.dylib
0x00007fff71fd4000 	/usr/lib/system/libsystem_info.dylib
0x00007fff7204f000 	/usr/lib/system/libsystem_m.dylib
0x00007fff7209b000 	/usr/lib/system/libsystem_malloc.dylib
0x00007fff720c3000 	/usr/lib/system/libsystem_networkextension.dylib
0x00007fff720d1000 	/usr/lib/system/libsystem_notify.dylib
0x00007fff720f0000 	/usr/lib/system/libsystem_sandbox.dylib
0x00007fff720f5000 	/usr/lib/system/libsystem_secinit.dylib
0x00007fff72022000 	/usr/lib/system/libsystem_kernel.dylib
0x00007fff720db000 	/usr/lib/system/libsystem_platform.dylib
0x00007fff720e5000 	/usr/lib/system/libsystem_pthread.dylib
0x00007fff720f8000 	/usr/lib/system/libsystem_symptoms.dylib
0x00007fff72100000 	/usr/lib/system/libsystem_trace.dylib
0x00007fff72118000 	/usr/lib/system/libunwind.dylib
0x00007fff7211e000 	/usr/lib/system/libxpc.dylib
0x00007fff6f061000 	/usr/lib/libc++abi.dylib
0x00007fff6fe5d000 	/usr/lib/liblzma.5.dylib
0x00007fff6fad7000 	/usr/lib/libfakelink.dylib
0x00007fff6ed8d000 	/usr/lib/libarchive.2.dylib
0x00007fff4813e000 	/System/Library/Frameworks/SystemConfiguration.framework/Versions/A/SystemConfiguration
0x00007fff6e701000 	/usr/lib/libCRFSuite.dylib
0x00007fff390c5000 	/System/Library/Frameworks/CFNetwork.framework/Versions/A/CFNetwork
0x00007fff6efef000 	/usr/lib/libbsm.0.dylib
0x00007fff71f00000 	/usr/lib/system/libkxld.dylib
0x00007fff4dc16000 	/System/Library/PrivateFrameworks/AppleFSCompression.framework/Versions/A/AppleFSCompression
0x00007fff6f36e000 	/usr/lib/libcoretls.dylib
0x00007fff6f385000 	/usr/lib/libcoretls_cfhelpers.dylib
0x00007fff70bb5000 	/usr/lib/libpam.2.dylib
0x00007fff70ce5000 	/usr/lib/libsqlite3.dylib
0x00007fff7111b000 	/usr/lib/libxar.1.dylib
0x00007fff6f000000 	/usr/lib/libbz2.1.0.dylib
0x00007fff6faf8000 	/usr/lib/libiconv.2.dylib
0x00007fff6f076000 	/usr/lib/libcharset.1.dylib
0x00007fff7065f000 	/usr/lib/libnetwork.dylib
0x00007fff70bbc000 	/usr/lib/libpcap.A.dylib
0x00007fff6ed42000 	/usr/lib/libapple_nghttp2.dylib
0x00007fff3c0dc000 	/System/Library/Frameworks/CoreServices.framework/Versions/A/Frameworks/FSEvents.framework/Versions/A/FSEvents
0x00007fff3bdac000 	/System/Library/Frameworks/CoreServices.framework/Versions/A/Frameworks/CarbonCore.framework/Versions/A/CarbonCore
0x00007fff3c31f000 	/System/Library/Frameworks/CoreServices.framework/Versions/A/Frameworks/Metadata.framework/Versions/A/Metadata
0x00007fff3c3b8000 	/System/Library/Frameworks/CoreServices.framework/Versions/A/Frameworks/OSServices.framework/Versions/A/OSServices
0x00007fff3c3e6000 	/System/Library/Frameworks/CoreServices.framework/Versions/A/Frameworks/SearchKit.framework/Versions/A/SearchKit
0x00007fff3bd26000 	/System/Library/Frameworks/CoreServices.framework/Versions/A/Frameworks/AE.framework/Versions/A/AE
0x00007fff3c0e5000 	/System/Library/Frameworks/CoreServices.framework/Versions/A/Frameworks/LaunchServices.framework/Versions/A/LaunchServices
0x00007fff3c08e000 	/System/Library/Frameworks/CoreServices.framework/Versions/A/Frameworks/DictionaryServices.framework/Versions/A/DictionaryServices
0x00007fff3c44e000 	/System/Library/Frameworks/CoreServices.framework/Versions/A/Frameworks/SharedFileList.framework/Versions/A/SharedFileList
0x00007fff41044000 	/System/Library/Frameworks/NetFS.framework/Versions/A/NetFS
0x00007fff6142f000 	/System/Library/PrivateFrameworks/NetAuth.framework/Versions/A/NetAuth
0x00007fff6e390000 	/System/Library/PrivateFrameworks/login.framework/Versions/A/Frameworks/loginsupport.framework/Versions/A/loginsupport
0x00007fff6a123000 	/System/Library/PrivateFrameworks/TCC.framework/Versions/A/TCC
0x00007fff527aa000 	/System/Library/PrivateFrameworks/CoreNLP.framework/Versions/A/CoreNLP
0x00007fff609bc000 	/System/Library/PrivateFrameworks/MetadataUtilities.framework/Versions/A/MetadataUtilities
0x00007fff6ff35000 	/usr/lib/libmecabra.dylib
0x00007fff6fe8d000 	/usr/lib/libmecab.dylib
0x00007fff6fae8000 	/usr/lib/libgermantok.dylib
0x00007fff6ed29000 	/usr/lib/libThaiTokenizer.dylib
0x00007fff6e739000 	/usr/lib/libChineseTokenizer.dylib
0x00007fff365e1000 	/System/Library/Frameworks/Accelerate.framework/Versions/A/Frameworks/vImage.framework/Versions/A/vImage
0x00007fff3798e000 	/System/Library/Frameworks/Accelerate.framework/Versions/A/Frameworks/vecLib.framework/Versions/A/vecLib
0x00007fff37813000 	/System/Library/Frameworks/Accelerate.framework/Versions/A/Frameworks/vecLib.framework/Versions/A/libvMisc.dylib
0x00007fff37680000 	/System/Library/Frameworks/Accelerate.framework/Versions/A/Frameworks/vecLib.framework/Versions/A/libvDSP.dylib
0x00007fff36e89000 	/System/Library/Frameworks/Accelerate.framework/Versions/A/Frameworks/vecLib.framework/Versions/A/libBLAS.dylib
0x00007fff3722b000 	/System/Library/Frameworks/Accelerate.framework/Versions/A/Frameworks/vecLib.framework/Versions/A/libLAPACK.dylib
0x00007fff375e0000 	/System/Library/Frameworks/Accelerate.framework/Versions/A/Frameworks/vecLib.framework/Versions/A/libLinearAlgebra.dylib
0x00007fff3766d000 	/System/Library/Frameworks/Accelerate.framework/Versions/A/Frameworks/vecLib.framework/Versions/A/libSparseBLAS.dylib
0x00007fff375f6000 	/System/Library/Frameworks/Accelerate.framework/Versions/A/Frameworks/vecLib.framework/Versions/A/libQuadrature.dylib
0x00007fff37023000 	/System/Library/Frameworks/Accelerate.framework/Versions/A/Frameworks/vecLib.framework/Versions/A/libBNNS.dylib
0x00007fff375fc000 	/System/Library/Frameworks/Accelerate.framework/Versions/A/Frameworks/vecLib.framework/Versions/A/libSparse.dylib
0x00007fff5f549000 	/System/Library/PrivateFrameworks/LanguageModeling.framework/Versions/A/LanguageModeling
0x00007fff52149000 	/System/Library/PrivateFrameworks/CoreEmoji.framework/Versions/A/CoreEmoji
0x00007fff5f667000 	/System/Library/PrivateFrameworks/LinguisticData.framework/Versions/A/LinguisticData
0x00007fff5f618000 	/System/Library/PrivateFrameworks/Lexicon.framework/Versions/A/Lexicon
0x00007fff6f077000 	/usr/lib/libcmph.dylib
0x00007fff43c16000 	/System/Library/Frameworks/OpenDirectory.framework/Versions/A/Frameworks/CFOpenDirectory.framework/Versions/A/CFOpenDirectory
0x00007fff43c33000 	/System/Library/Frameworks/OpenDirectory.framework/Versions/A/OpenDirectory
0x00007fff4bf04000 	/System/Library/PrivateFrameworks/APFS.framework/Versions/A/APFS
0x00007fff472cb000 	/System/Library/Frameworks/SecurityFoundation.framework/Versions/A/SecurityFoundation
0x00007fff71117000 	/usr/lib/libutil.dylib
0x00007fff5342f000 	/System/Library/PrivateFrameworks/CoreServicesStore.framework/Versions/A/CoreServicesStore
0x00007fff473ad000 	/System/Library/Frameworks/ServiceManagement.framework/Versions/A/ServiceManagement
0x00007fff4f3c8000 	/System/Library/PrivateFrameworks/BackgroundTaskManagement.framework/Versions/A/BackgroundTaskManagement
0x00007fff71214000 	/usr/lib/libxslt.1.dylib
0x00007fff4e279000 	/System/Library/PrivateFrameworks/AppleSystemInfo.framework/Versions/A/AppleSystemInfo
0x00007fff3da81000 	/System/Library/Frameworks/ImageIO.framework/Versions/A/Resources/libJPEG.dylib
0x00007fff3dd40000 	/System/Library/Frameworks/ImageIO.framework/Versions/A/Resources/libTIFF.dylib
0x00007fff3dd23000 	/System/Library/Frameworks/ImageIO.framework/Versions/A/Resources/libPng.dylib
0x00007fff3d9c3000 	/System/Library/Frameworks/ImageIO.framework/Versions/A/Resources/libGIF.dylib
0x00007fff3d9c7000 	/System/Library/Frameworks/ImageIO.framework/Versions/A/Resources/libJP2.dylib
0x00007fff3dd3e000 	/System/Library/Frameworks/ImageIO.framework/Versions/A/Resources/libRadiance.dylib
0x00007fff6fab0000 	/usr/lib/libexpat.1.dylib
0x00007fff4dd71000 	/System/Library/PrivateFrameworks/AppleJPEG.framework/Versions/A/AppleJPEG
0x00007fff56690000 	/System/Library/PrivateFrameworks/FontServices.framework/libFontParser.dylib
0x00007fff6d3ee000 	/System/Library/PrivateFrameworks/WatchdogClient.framework/Versions/A/WatchdogClient
0x00007fff5ebd8000 	/System/Library/PrivateFrameworks/IOAccelerator.framework/Versions/A/IOAccelerator
0x00007fff400fd000 	/System/Library/Frameworks/MetalPerformanceShaders.framework/Versions/A/MetalPerformanceShaders
0x00007fff5b3dd000 	/System/Library/PrivateFrameworks/GPUWrangler.framework/Versions/A/GPUWrangler
0x00007fff5ebe3000 	/System/Library/PrivateFrameworks/IOPresentment.framework/Versions/A/IOPresentment
0x00007fff5410c000 	/System/Library/PrivateFrameworks/DSExternalDisplay.framework/Versions/A/DSExternalDisplay
0x00007fff4459c000 	/System/Library/Frameworks/OpenGL.framework/Versions/A/Libraries/libCoreFSCache.dylib
0x00007fff3fe4f000 	/System/Library/Frameworks/MetalPerformanceShaders.framework/Frameworks/MPSCore.framework/Versions/A/MPSCore
0x00007fff3fe8c000 	/System/Library/Frameworks/MetalPerformanceShaders.framework/Frameworks/MPSImage.framework/Versions/A/MPSImage
0x00007fff3ff4e000 	/System/Library/Frameworks/MetalPerformanceShaders.framework/Frameworks/MPSNeuralNetwork.framework/Versions/A/MPSNeuralNetwork
0x00007fff3ff13000 	/System/Library/Frameworks/MetalPerformanceShaders.framework/Frameworks/MPSMatrix.framework/Versions/A/MPSMatrix
0x00007fff400ae000 	/System/Library/Frameworks/MetalPerformanceShaders.framework/Frameworks/MPSRayIntersector.framework/Versions/A/MPSRayIntersector
0x00007fff3ff38000 	/System/Library/Frameworks/MetalPerformanceShaders.framework/Frameworks/MPSNDArray.framework/Versions/A/MPSNDArray
0x00007fff60a09000 	/System/Library/PrivateFrameworks/MetalTools.framework/Versions/A/MetalTools
0x00007fff4d0a4000 	/System/Library/PrivateFrameworks/AggregateDictionary.framework/Versions/A/AggregateDictionary
0x00007fff51bdc000 	/System/Library/PrivateFrameworks/CoreAnalytics.framework/Versions/A/CoreAnalytics
0x00007fff4e197000 	/System/Library/PrivateFrameworks/AppleSauce.framework/Versions/A/AppleSauce
0x00007fff6e9f5000 	/usr/lib/libIOReport.dylib
0x00007fff3c94f000 	/System/Library/Frameworks/CoreVideo.framework/Versions/A/CoreVideo
0x00007fff5c842000 	/System/Library/PrivateFrameworks/GraphVisualizer.framework/Versions/A/GraphVisualizer
0x00007fff55c0f000 	/System/Library/PrivateFrameworks/FaceCore.framework/Versions/A/FaceCore
0x00007fff43bbd000 	/System/Library/Frameworks/OpenCL.framework/Versions/A/OpenCL
0x00007fff6e817000 	/usr/lib/libFosl_dynamic.dylib
0x00007fff61e27000 	/System/Library/PrivateFrameworks/OTSVG.framework/Versions/A/OTSVG
0x00007fff38a40000 	/System/Library/Frameworks/ApplicationServices.framework/Versions/A/Frameworks/ATS.framework/Versions/A/Resources/libFontRegistry.dylib
0x00007fff56861000 	/System/Library/PrivateFrameworks/FontServices.framework/libhvf.dylib
0x00007fff445a7000 	/System/Library/Frameworks/OpenGL.framework/Versions/A/Libraries/libGFXShared.dylib
0x00007fff44784000 	/System/Library/Frameworks/OpenGL.framework/Versions/A/Libraries/libGLU.dylib
0x00007fff445b0000 	/System/Library/Frameworks/OpenGL.framework/Versions/A/Libraries/libGL.dylib
0x00007fff445bb000 	/System/Library/Frameworks/OpenGL.framework/Versions/A/Libraries/libGLImage.dylib
0x00007fff44599000 	/System/Library/Frameworks/OpenGL.framework/Versions/A/Libraries/libCVMSPluginSupport.dylib
0x00007fff445a2000 	/System/Library/Frameworks/OpenGL.framework/Versions/A/Libraries/libCoreVMClient.dylib
0x00007fff70501000 	/usr/lib/libncurses.5.4.dylib
0x00007fff3893c000 	/System/Library/Frameworks/ApplicationServices.framework/Versions/A/Frameworks/ATS.framework/Versions/A/ATS
0x00007fff38b09000 	/System/Library/Frameworks/ApplicationServices.framework/Versions/A/Frameworks/ColorSyncLegacy.framework/Versions/A/ColorSyncLegacy
0x00007fff38ba8000 	/System/Library/Frameworks/ApplicationServices.framework/Versions/A/Frameworks/HIServices.framework/Versions/A/HIServices
0x00007fff38bff000 	/System/Library/Frameworks/ApplicationServices.framework/Versions/A/Frameworks/LangAnalysis.framework/Versions/A/LangAnalysis
0x00007fff38c0e000 	/System/Library/Frameworks/ApplicationServices.framework/Versions/A/Frameworks/PrintCore.framework/Versions/A/PrintCore
0x00007fff38c54000 	/System/Library/Frameworks/ApplicationServices.framework/Versions/A/Frameworks/QD.framework/Versions/A/QD
0x00007fff38c5f000 	/System/Library/Frameworks/ApplicationServices.framework/Versions/A/Frameworks/SpeechSynthesis.framework/Versions/A/SpeechSynthesis
0x00007fff38ad9000 	/System/Library/Frameworks/ApplicationServices.framework/Versions/A/Frameworks/ATSUI.framework/Versions/A/ATSUI
0x00007fff6f944000 	/usr/lib/libcups.2.dylib
0x00007fff3f1ae000 	/System/Library/Frameworks/Kerberos.framework/Versions/A/Kerberos
0x00007fff3d42f000 	/System/Library/Frameworks/GSS.framework/Versions/A/GSS
0x00007fff70c71000 	/usr/lib/libresolv.9.dylib
0x00007fff5c9e3000 	/System/Library/PrivateFrameworks/Heimdal.framework/Versions/A/Heimdal
0x00007fff3f1c1000 	/System/Library/Frameworks/Kerberos.framework/Versions/A/Libraries/libHeimdalProxy.dylib
0x00007fff6faee000 	/usr/lib/libheimdal-asn1.dylib
0x00007fff51080000 	/System/Library/PrivateFrameworks/CommonAuth.framework/Versions/A/CommonAuth
0x00007fff4e316000 	/System/Library/PrivateFrameworks/AssertionServices.framework/Versions/A/AssertionServices
0x00007fff4eeb6000 	/System/Library/PrivateFrameworks/AudioToolboxCore.framework/Versions/A/AudioToolboxCore
0x00007fff6e042000 	/System/Library/PrivateFrameworks/caulk.framework/Versions/A/caulk
0x00007fff4f474000 	/System/Library/PrivateFrameworks/BaseBoard.framework/Versions/A/BaseBoard
0x00007fff65f02000 	/System/Library/PrivateFrameworks/RunningBoardServices.framework/Versions/A/RunningBoardServices
0x00007fff6300e000 	/System/Library/PrivateFrameworks/PersistentConnection.framework/Versions/A/PersistentConnection
0x00007fff65956000 	/System/Library/PrivateFrameworks/ProtocolBuffer.framework/Versions/A/ProtocolBuffer
0x00007fff510a5000 	/System/Library/PrivateFrameworks/CommonUtilities.framework/Versions/A/CommonUtilities
0x00007fff4f5f7000 	/System/Library/PrivateFrameworks/Bom.framework/Versions/A/Bom
0x00007fff6e6c5000 	/usr/lib/libAudioToolboxUtility.dylib
0x00007fff4f3d2000 	/System/Library/PrivateFrameworks/Backup.framework/Versions/A/Backup
0x00007fff53e7a000 	/System/Library/PrivateFrameworks/CrashReporterSupport.framework/Versions/A/CrashReporterSupport
0x00007fff6799c000 	/System/Library/PrivateFrameworks/Sharing.framework/Versions/A/Sharing
0x00007fff4dabc000 	/System/Library/PrivateFrameworks/Apple80211.framework/Versions/A/Apple80211
0x00007fff4f0f4000 	/System/Library/PrivateFrameworks/AuthKit.framework/Versions/A/AuthKit
0x00007fff53baa000 	/System/Library/PrivateFrameworks/CoreUtils.framework/Versions/A/CoreUtils
0x00007fff3c994000 	/System/Library/Frameworks/CoreWLAN.framework/Versions/A/CoreWLAN
0x00007fff3d5b9000 	/System/Library/Frameworks/IOBluetooth.framework/Versions/A/IOBluetooth
0x00007fff60d07000 	/System/Library/PrivateFrameworks/MobileKeyBag.framework/Versions/A/MobileKeyBag
0x00007fff52c83000 	/System/Library/PrivateFrameworks/CorePhoneNumbers.framework/Versions/A/CorePhoneNumbers
0x00007fff4dd24000 	/System/Library/PrivateFrameworks/AppleIDAuthSupport.framework/Versions/A/AppleIDAuthSupport
0x00007fff41051000 	/System/Library/Frameworks/Network.framework/Versions/A/Network
0x00007fff5f3d2000 	/System/Library/PrivateFrameworks/KeychainCircle.framework/Versions/A/KeychainCircle
0x00007fff3a3e0000 	/System/Library/Frameworks/CoreBluetooth.framework/Versions/A/CoreBluetooth
0x00007fff69634000 	/System/Library/PrivateFrameworks/SpeechRecognitionCore.framework/Versions/A/SpeechRecognitionCore
0x000000010ce00000 	/Library/Java/JavaVirtualMachines/jdk-10.0.2.jdk/Contents/Home/lib/server/libjvm.dylib
0x00007fff70fea000 	/usr/lib/libstdc++.6.dylib
0x000000010c483000 	/Library/Java/JavaVirtualMachines/jdk-10.0.2.jdk/Contents/Home/lib/libverify.dylib
0x000000010c490000 	/Library/Java/JavaVirtualMachines/jdk-10.0.2.jdk/Contents/Home/lib/libjava.dylib
0x000000010c4de000 	/Library/Java/JavaVirtualMachines/jdk-10.0.2.jdk/Contents/Home/lib/libjdwp.dylib
0x000000010c563000 	/Library/Java/JavaVirtualMachines/jdk-10.0.2.jdk/Contents/Home/lib/libzip.dylib
0x000000010c56b000 	/Library/Java/JavaVirtualMachines/jdk-10.0.2.jdk/Contents/Home/lib/libjimage.dylib
0x0000000131a55000 	/Library/Java/JavaVirtualMachines/jdk-10.0.2.jdk/Contents/Home/lib/libdt_socket.dylib
0x0000000131a5b000 	/Library/Java/JavaVirtualMachines/jdk-10.0.2.jdk/Contents/Home/lib/libnio.dylib
0x0000000131a6b000 	/Library/Java/JavaVirtualMachines/jdk-10.0.2.jdk/Contents/Home/lib/libnet.dylib
0x0000000131b0a000 	/Library/Java/JavaVirtualMachines/jdk-10.0.2.jdk/Contents/Home/lib/libmanagement.dylib
0x0000000131b0f000 	/Library/Java/JavaVirtualMachines/jdk-10.0.2.jdk/Contents/Home/lib/libmanagement_ext.dylib
0x000000013354e000 	/Library/Java/JavaVirtualMachines/jdk-10.0.2.jdk/Contents/Home/lib/libsunec.dylib


VM Arguments:
jvm_args: -agentlib:jdwp=transport=dt_socket,suspend=y,address=localhost:64981 -Dcom.sun.management.jmxremote -Dcom.sun.management.jmxremote.port=64964 -Dcom.sun.management.jmxremote.authenticate=false -Dcom.sun.management.jmxremote.ssl=false -Djava.rmi.server.hostname=localhost -Dspring.application.admin.enabled=true -Djava.security.egd=file:/dev/./urandom -Xverify:none -XX:TieredStopAtLevel=1 -Dfile.encoding=UTF-8 
java_command: com.samrak.CV.CvApplication
java_class_path (initial): /Users/Sam/eclipse-workspace/CV.zip_expanded/CV/target/classes:/Users/Sam/.m2/repository/org/springframework/boot/spring-boot-starter-data-jpa/2.1.11.RELEASE/spring-boot-starter-data-jpa-2.1.11.RELEASE.jar:/Users/Sam/.m2/repository/org/springframework/boot/spring-boot-starter-aop/2.1.11.RELEASE/spring-boot-starter-aop-2.1.11.RELEASE.jar:/Users/Sam/.m2/repository/org/aspectj/aspectjweaver/1.9.5/aspectjweaver-1.9.5.jar:/Users/Sam/.m2/repository/org/springframework/boot/spring-boot-starter-jdbc/2.1.11.RELEASE/spring-boot-starter-jdbc-2.1.11.RELEASE.jar:/Users/Sam/.m2/repository/com/zaxxer/HikariCP/3.2.0/HikariCP-3.2.0.jar:/Users/Sam/.m2/repository/org/springframework/spring-jdbc/5.1.12.RELEASE/spring-jdbc-5.1.12.RELEASE.jar:/Users/Sam/.m2/repository/javax/transaction/javax.transaction-api/1.3/javax.transaction-api-1.3.jar:/Users/Sam/.m2/repository/javax/xml/bind/jaxb-api/2.3.1/jaxb-api-2.3.1.jar:/Users/Sam/.m2/repository/javax/activation/javax.activation-api/1.2.0/javax.activation-api-1.2.0.jar:/Users/Sam/.m2/repository/org/hibernate/hibernate-core/5.3.14.Final/hibernate-core-5.3.14.Final.jar:/Users/Sam/.m2/repository/org/jboss/logging/jboss-logging/3.3.3.Final/jboss-logging-3.3.3.Final.jar:/Users/Sam/.m2/repository/javax/persistence/javax.persistence-api/2.2/javax.persistence-api-2.2.jar:/Users/Sam/.m2/repository/org/javassist/javassist/3.23.2-GA/javassist-3.23.2-GA.jar:/Users/Sam/.m2/repository/net/bytebuddy/byte-buddy/1.9.16/byte-buddy-1.9.16.jar:/Users/Sam/.m2/repository/antlr/antlr/2.7.7/antlr-2.7.7.jar:/Users/Sam/.m2/repository/org/jboss/jandex/2.0.5.Final/jandex-2.0.5.Final.jar:/Users/Sam/.m2/repository/com/fasterxml/classmate/1.4.0/classmate-1.4.0.jar:/Users/Sam/.m2/repository/org/dom4j/dom4j/2.1.1/dom4j-2.1.1.jar:/Users/Sam/.m2/repository/org/hibernate/common/hibernate-commons-annotations/5.0.4.Final/hibernate-commons-annotations-5.0.4.Final.jar:/Users/Sam/.m2/repository/org/glassfish/jaxb/jaxb-runtime/2.3.1/jaxb-runtime-2.3.1.jar:
Launcher Type: SUN_STANDARD

Logging:
Log output configuration:
#0: stdout all=warning uptime,level,tags
#1: stderr all=off uptime,level,tags

Environment Variables:
PATH=/usr/bin:/bin:/usr/sbin:/sbin
SHELL=/bin/bash

Signal Handlers:
SIGSEGV: [libjvm.dylib+0x79ac14], sa_mask[0]=11111111011111110111111111111111, sa_flags=SA_ONSTACK|SA_RESTART|SA_SIGINFO
SIGBUS: [libjvm.dylib+0x79ac14], sa_mask[0]=11111111011111110111111111111111, sa_flags=SA_RESTART|SA_SIGINFO
SIGFPE: [libjvm.dylib+0x79ac14], sa_mask[0]=11111111011111110111111111111111, sa_flags=SA_RESTART|SA_SIGINFO
SIGPIPE: [libjvm.dylib+0x635960], sa_mask[0]=11111111011111110111111111111111, sa_flags=SA_RESTART|SA_SIGINFO
SIGXFSZ: [libjvm.dylib+0x635960], sa_mask[0]=11111111011111110111111111111111, sa_flags=SA_RESTART|SA_SIGINFO
SIGILL: [libjvm.dylib+0x79ac14], sa_mask[0]=11111111011111110111111111111111, sa_flags=SA_RESTART|SA_SIGINFO
SIGUSR2: [libjvm.dylib+0x6361f0], sa_mask[0]=00100000000000000000000000000000, sa_flags=SA_RESTART|SA_SIGINFO
SIGHUP: [libjvm.dylib+0x6349db], sa_mask[0]=11111111011111110111111111111111, sa_flags=SA_RESTART|SA_SIGINFO
SIGINT: [libjvm.dylib+0x6349db], sa_mask[0]=11111111011111110111111111111111, sa_flags=SA_RESTART|SA_SIGINFO
SIGTERM: [libjvm.dylib+0x6349db], sa_mask[0]=11111111011111110111111111111111, sa_flags=SA_RESTART|SA_SIGINFO
SIGQUIT: [libjvm.dylib+0x6349db], sa_mask[0]=11111111011111110111111111111111, sa_flags=SA_RESTART|SA_SIGINFO


---------------  S Y S T E M  ---------------

OS:uname:Darwin 19.0.0 Darwin Kernel Version 19.0.0: Thu Oct 17 16:17:15 PDT 2019; root:xnu-6153.41.3~29/RELEASE_X86_64 x86_64
rlimit: STACK 8192k, CORE 0k, NPROC 1392, NOFILE 10240, AS infinity, DATA infinity, FSIZE infinity
load average:5.30 10.61 8.72

CPU:total 4 (initial active 4) (2 cores per cpu, 2 threads per core) family 6 model 58 stepping 9, cmov, cx8, fxsr, mmx, sse, sse2, sse3, ssse3, sse4.1, sse4.2, popcnt, avx, aes, clmul, erms, ht, tsc, tscinvbit, tscinv

Memory: 4k page, physical 8388608k(826316k free)

vm_info: Java HotSpot(TM) 64-Bit Server VM (10.0.2+13) for bsd-amd64 JRE (10.0.2+13), built on Jun 28 2018 00:49:51 by "mach5one" with gcc 4.2.1 Compatible Apple LLVM 6.1.0 (clang-602.0.49)

END.
